0 info it worked if it ends with ok
1 verbose cli [ '/usr/local/share/node-v5.2.0-linux-x64/bin/node',
1 verbose cli   '/usr/local/bin/npm',
1 verbose cli   'start' ]
2 info using npm@3.3.12
3 info using node@v5.2.0
4 verbose run-script [ 'prestart', 'start', 'poststart' ]
5 info lifecycle clerk_management2@1.0.0~prestart: clerk_management2@1.0.0
6 silly lifecycle clerk_management2@1.0.0~prestart: no script for prestart, continuing
7 info lifecycle clerk_management2@1.0.0~start: clerk_management2@1.0.0
8 verbose lifecycle clerk_management2@1.0.0~start: unsafe-perm in lifecycle true
9 verbose lifecycle clerk_management2@1.0.0~start: PATH: /usr/local/share/node-v5.2.0-linux-x64/lib/node_modules/npm/bin/node-gyp-bin:/home/zja/Workspace/clerk_mgr/node_modules/.bin:/home/zja/.autojump/bin:/usr/local/sbin:/usr/local/bin:/usr/sbin:/usr/bin:/sbin:/bin:/home/zja/bin:/home/zja/bin:/home/zja/Android/Sdk/tools:/home/zja/Android/Sdk/platform-tools:/home/zja/bin/opencv/bin
10 verbose lifecycle clerk_management2@1.0.0~start: CWD: /home/zja/Workspace/clerk_mgr
11 silly lifecycle clerk_management2@1.0.0~start: Args: [ '-c',
11 silly lifecycle   'NODE_ENV=development node server.js --progress --colors --profile' ]
12 silly lifecycle clerk_management2@1.0.0~start: Returned: code: 1  signal: null
13 info lifecycle clerk_management2@1.0.0~start: Failed to exec start script
14 verbose stack Error: clerk_management2@1.0.0 start: `NODE_ENV=development node server.js --progress --colors --profile`
14 verbose stack Exit status 1
14 verbose stack     at EventEmitter.<anonymous> (/usr/local/share/node-v5.2.0-linux-x64/lib/node_modules/npm/lib/utils/lifecycle.js:232:16)
14 verbose stack     at emitTwo (events.js:88:13)
14 verbose stack     at EventEmitter.emit (events.js:173:7)
14 verbose stack     at ChildProcess.<anonymous> (/usr/local/share/node-v5.2.0-linux-x64/lib/node_modules/npm/lib/utils/spawn.js:24:14)
14 verbose stack     at emitTwo (events.js:88:13)
14 verbose stack     at ChildProcess.emit (events.js:173:7)
14 verbose stack     at maybeClose (internal/child_process.js:819:16)
14 verbose stack     at Process.ChildProcess._handle.onexit (internal/child_process.js:212:5)
15 verbose pkgid clerk_management2@1.0.0
16 verbose cwd /home/zja/Workspace/clerk_mgr
17 error Linux 3.13.0-32-generic
18 error argv "/usr/local/share/node-v5.2.0-linux-x64/bin/node" "/usr/local/bin/npm" "start"
19 error node v5.2.0
20 error npm  v3.3.12
21 error code ELIFECYCLE
22 error clerk_management2@1.0.0 start: `NODE_ENV=development node server.js --progress --colors --profile`
22 error Exit status 1
23 error Failed at the clerk_management2@1.0.0 start script 'NODE_ENV=development node server.js --progress --colors --profile'.
23 error Make sure you have the latest version of node.js and npm installed.
23 error If you do, this is most likely a problem with the clerk_management2 package,
23 error not with npm itself.
23 error Tell the author that this fails on your system:
23 error     NODE_ENV=development node server.js --progress --colors --profile
23 error You can get their info via:
23 error     npm owner ls clerk_management2
23 error There is likely additional logging output above.
24 verbose exit [ 1, true ]
